
> mock-server@1.0.0 start
> node server.js

==============================================
🚀 Mock Server is running on http://localhost:3011
==============================================
Available Endpoints:
  - GET  /health
  - POST /api/merchant/kyc
  - POST /osb/services/UserRegistration_5_0
  - POST /osb/services/ChangeCustomerTigoPesaGroup_1_0
  - POST /osb/services/UpdateAliasCode_1_0
  - POST /sim-card-registration
==============================================


==============================================
2026-01-22T14:41:41.487Z - POST /api/merchant/kyc
Headers: {
  'content-type': 'application/json',
  'user-agent': 'PostmanRuntime/7.51.0',
  accept: '*/*',
  'cache-control': 'no-cache',
  'postman-token': '1fbf2d35-87ef-455f-b667-5fc4a103c846',
  host: '10.0.150.126:3011',
  'accept-encoding': 'gzip, deflate, br',
  connection: 'keep-alive',
  'content-length': '55'
}
Body: { customerMsisdn: '658283033', isSimSwapRequest: false }
==============================================

Get Merchant KYC Request: { customerMsisdn: '658283033', isSimSwapRequest: false }
